# JRE version: OpenJDK Runtime Environment (11.0.11+9) (build 11.0.11+9-b60-7590822)
# Java VM: OpenJDK 64-Bit Server VM (11.0.11+9-b60-7590822, mixed mode, tiered, compressed oops, g1 gc, windows-amd64)
Heap:
 garbage-first heap   total 188416K, used 149802K [0x0000000080000000, 0x0000000100000000)
  region size 1024K, 42 young (43008K), 4 survivors (4096K)
 Metaspace       used 96276K, capacity 98564K, committed 98816K, reserved 1134592K
  class space    used 12434K, capacity 13222K, committed 13312K, reserved 1048576K
GC Heap History (20 events):
Event: 9.105 GC heap before
{Heap before GC invocations=14 (full 0):
 garbage-first heap   total 188416K, used 136854K [0x0000000080000000, 0x0000000100000000)
  region size 1024K, 72 young (73728K), 11 survivors (11264K)
 Metaspace       used 59921K, capacity 61659K, committed 61824K, reserved 1103872K
  class space    used 7722K, capacity 8302K, committed 8320K, reserved 1048576K
}
Event: 9.113 GC heap after
{Heap after GC invocations=15 (full 0):
 garbage-first heap   total 188416K, used 77799K [0x0000000080000000, 0x0000000100000000)
  region size 1024K, 3 young (3072K), 3 survivors (3072K)
 Metaspace       used 59921K, capacity 61659K, committed 61824K, reserved 1103872K
  class space    used 7722K, capacity 8302K, committed 8320K, reserved 1048576K
}
Event: 9.985 GC heap before
{Heap before GC invocations=15 (full 0):
 garbage-first heap   total 188416K, used 140263K [0x0000000080000000, 0x0000000100000000)
  region size 1024K, 65 young (66560K), 3 survivors (3072K)
 Metaspace       used 68227K, capacity 70141K, committed 70400K, reserved 1110016K
  class space    used 8747K, capacity 9399K, committed 9472K, reserved 1048576K
}
Event: 9.992 GC heap after
{Heap after GC invocations=16 (full 0):
 garbage-first heap   total 188416K, used 81703K [0x0000000080000000, 0x0000000100000000)
  region size 1024K, 7 young (7168K), 7 survivors (7168K)
 Metaspace       used 68227K, capacity 70141K, committed 70400K, reserved 1110016K
  class space    used 8747K, capacity 9399K, committed 9472K, reserved 1048576K
}
Event: 10.086 GC heap before
{Heap before GC invocations=16 (full 0):
 garbage-first heap   total 188416K, used 89895K [0x0000000080000000, 0x0000000100000000)
  region size 1024K, 16 young (16384K), 7 survivors (7168K)
 Metaspace       used 69051K, capacity 70900K, committed 71040K, reserved 1110016K
  class space    used 8848K, capacity 9499K, committed 9600K, reserved 1048576K
}
Event: 10.094 GC heap after
{Heap after GC invocations=17 (full 0):
 garbage-first heap   total 188416K, used 82560K [0x0000000080000000, 0x0000000100000000)
  region size 1024K, 6 young (6144K), 6 survivors (6144K)
 Metaspace       used 69051K, capacity 70900K, committed 71040K, reserved 1110016K
  class space    used 8848K, capacity 9499K, committed 9600K, reserved 1048576K
}
Event: 10.769 GC heap before
{Heap before GC invocations=18 (full 0):
 garbage-first heap   total 188416K, used 134784K [0x0000000080000000, 0x0000000100000000)
  region size 1024K, 56 young (57344K), 6 survivors (6144K)
 Metaspace       used 73300K, capacity 75188K, committed 75392K, reserved 1114112K
  class space    used 9379K, capacity 10025K, committed 10112K, reserved 1048576K
}
Event: 10.779 GC heap after
{Heap after GC invocations=19 (full 0):
 garbage-first heap   total 188416K, used 85360K [0x0000000080000000, 0x0000000100000000)
  region size 1024K, 4 young (4096K), 4 survivors (4096K)
 Metaspace       used 73300K, capacity 75188K, committed 75392K, reserved 1114112K
  class space    used 9379K, capacity 10025K, committed 10112K, reserved 1048576K
}
Event: 11.282 GC heap before
{Heap before GC invocations=20 (full 0):
 garbage-first heap   total 188416K, used 138608K [0x0000000080000000, 0x0000000100000000)
  region size 1024K, 56 young (57344K), 4 survivors (4096K)
 Metaspace       used 75280K, capacity 77257K, committed 77440K, reserved 1116160K
  class space    used 9623K, capacity 10328K, committed 10368K, reserved 1048576K
}
Event: 11.290 GC heap after
{Heap after GC invocations=21 (full 0):
 garbage-first heap   total 188416K, used 89088K [0x0000000080000000, 0x0000000100000000)
  region size 1024K, 7 young (7168K), 7 survivors (7168K)
 Metaspace       used 75280K, capacity 77257K, committed 77440K, reserved 1116160K
  class space    used 9623K, capacity 10328K, committed 10368K, reserved 1048576K
}
Event: 12.018 GC heap before
{Heap before GC invocations=21 (full 0):
 garbage-first heap   total 188416K, used 143360K [0x0000000080000000, 0x0000000100000000)
  region size 1024K, 60 young (61440K), 7 survivors (7168K)
 Metaspace       used 80891K, capacity 82987K, committed 83072K, reserved 1120256K
  class space    used 10565K, capacity 11316K, committed 11392K, reserved 1048576K
}
Event: 12.030 GC heap after
{Heap after GC invocations=22 (full 0):
 garbage-first heap   total 188416K, used 92741K [0x0000000080000000, 0x0000000100000000)
  region size 1024K, 8 young (8192K), 8 survivors (8192K)
 Metaspace       used 80891K, capacity 82987K, committed 83072K, reserved 1120256K
  class space    used 10565K, capacity 11316K, committed 11392K, reserved 1048576K
}
Event: 12.136 GC heap before
{Heap before GC invocations=22 (full 0):
 garbage-first heap   total 188416K, used 97861K [0x0000000080000000, 0x0000000100000000)
  region size 1024K, 14 young (14336K), 8 survivors (8192K)
 Metaspace       used 81750K, capacity 83860K, committed 83968K, reserved 1122304K
  class space    used 10667K, capacity 11414K, committed 11520K, reserved 1048576K
}
Event: 12.146 GC heap after
{Heap after GC invocations=23 (full 0):
 garbage-first heap   total 188416K, used 93139K [0x0000000080000000, 0x0000000100000000)
  region size 1024K, 4 young (4096K), 4 survivors (4096K)
 Metaspace       used 81750K, capacity 83860K, committed 83968K, reserved 1122304K
  class space    used 10667K, capacity 11414K, committed 11520K, reserved 1048576K
}
Event: 12.750 GC heap before
{Heap before GC invocations=24 (full 0):
 garbage-first heap   total 188416K, used 156627K [0x0000000080000000, 0x0000000100000000)
  region size 1024K, 57 young (58368K), 4 survivors (4096K)
 Metaspace       used 84771K, capacity 87025K, committed 87168K, reserved 1124352K
  class space    used 11068K, capacity 11859K, committed 11904K, reserved 1048576K
}
Event: 12.759 GC heap after
{Heap after GC invocations=25 (full 0):
 garbage-first heap   total 188416K, used 107873K [0x0000000080000000, 0x0000000100000000)
  region size 1024K, 8 young (8192K), 8 survivors (8192K)
 Metaspace       used 84771K, capacity 87025K, committed 87168K, reserved 1124352K
  class space    used 11068K, capacity 11859K, committed 11904K, reserved 1048576K
}
Event: 13.031 GC heap before
{Heap before GC invocations=25 (full 0):
 garbage-first heap   total 188416K, used 138593K [0x0000000080000000, 0x0000000100000000)
  region size 1024K, 40 young (40960K), 8 survivors (8192K)
 Metaspace       used 87103K, capacity 89332K, committed 89472K, reserved 1126400K
  class space    used 11366K, capacity 12156K, committed 12160K, reserved 1048576K
}
Event: 13.040 GC heap after
{Heap after GC invocations=26 (full 0):
 garbage-first heap   total 188416K, used 111365K [0x0000000080000000, 0x0000000100000000)
  region size 1024K, 3 young (3072K), 3 survivors (3072K)
 Metaspace       used 87103K, capacity 89332K, committed 89472K, reserved 1126400K
  class space    used 11366K, capacity 12156K, committed 12160K, reserved 1048576K
}
Event: 13.682 GC heap before
{Heap before GC invocations=27 (full 0):
 garbage-first heap   total 188416K, used 151301K [0x0000000080000000, 0x0000000100000000)
  region size 1024K, 41 young (41984K), 3 survivors (3072K)
 Metaspace       used 93143K, capacity 95407K, committed 95616K, reserved 1132544K
  class space    used 12100K, capacity 12888K, committed 12928K, reserved 1048576K
}
Event: 13.687 GC heap after
{Heap after GC invocations=28 (full 0):
 garbage-first heap   total 188416K, used 111914K [0x0000000080000000, 0x0000000100000000)
  region size 1024K, 4 young (4096K), 4 survivors (4096K)
 Metaspace       used 93143K, capacity 95407K, committed 95616K, reserved 1132544K
  class space    used 12100K, capacity 12888K, committed 12928K, reserved 1048576K
}

