# JRE version: OpenJDK Runtime Environment (11.0.11+9) (build 11.0.11+9-b60-7590822)
# Java VM: OpenJDK 64-Bit Server VM (11.0.11+9-b60-7590822, mixed mode, tiered, compressed oops, g1 gc, windows-amd64)
Heap:
 garbage-first heap   total 225280K, used 136922K [0x0000000080000000, 0x0000000100000000)
  region size 1024K, 2 young (2048K), 2 survivors (2048K)
 Metaspace       used 111101K, capacity 114265K, committed 114424K, reserved 1148928K
  class space    used 14363K, capacity 15472K, committed 15608K, reserved 1048576K
GC Heap History (20 events):
Event: 28.982 GC heap after
{Heap after GC invocations=26 (full 0):
 garbage-first heap   total 187392K, used 111279K [0x0000000080000000, 0x0000000100000000)
  region size 1024K, 3 young (3072K), 3 survivors (3072K)
 Metaspace       used 90034K, capacity 92319K, committed 92408K, reserved 1128448K
  class space    used 11695K, capacity 12515K, committed 12536K, reserved 1048576K
}
Event: 29.562 GC heap before
{Heap before GC invocations=26 (full 0):
 garbage-first heap   total 187392K, used 156335K [0x0000000080000000, 0x0000000100000000)
  region size 1024K, 48 young (49152K), 3 survivors (3072K)
 Metaspace       used 93976K, capacity 96354K, committed 96504K, reserved 1132544K
  class space    used 12149K, capacity 12991K, committed 13048K, reserved 1048576K
}
Event: 29.569 GC heap after
{Heap after GC invocations=27 (full 0):
 garbage-first heap   total 187392K, used 114243K [0x0000000080000000, 0x0000000100000000)
  region size 1024K, 6 young (6144K), 6 survivors (6144K)
 Metaspace       used 93976K, capacity 96354K, committed 96504K, reserved 1132544K
  class space    used 12149K, capacity 12991K, committed 13048K, reserved 1048576K
}
Event: 29.921 GC heap before
{Heap before GC invocations=28 (full 0):
 garbage-first heap   total 187392K, used 156227K [0x0000000080000000, 0x0000000100000000)
  region size 1024K, 48 young (49152K), 6 survivors (6144K)
 Metaspace       used 95037K, capacity 97691K, committed 97912K, reserved 1134592K
  class space    used 12357K, capacity 13328K, committed 13432K, reserved 1048576K
}
Event: 29.930 GC heap after
{Heap after GC invocations=29 (full 0):
 garbage-first heap   total 187392K, used 117191K [0x0000000080000000, 0x0000000100000000)
  region size 1024K, 3 young (3072K), 3 survivors (3072K)
 Metaspace       used 95037K, capacity 97691K, committed 97912K, reserved 1134592K
  class space    used 12357K, capacity 13328K, committed 13432K, reserved 1048576K
}
Event: 30.338 GC heap before
{Heap before GC invocations=29 (full 0):
 garbage-first heap   total 187392K, used 159175K [0x0000000080000000, 0x0000000100000000)
  region size 1024K, 44 young (45056K), 3 survivors (3072K)
 Metaspace       used 96936K, capacity 99611K, committed 99832K, reserved 1136640K
  class space    used 12574K, capacity 13487K, committed 13560K, reserved 1048576K
}
Event: 30.345 GC heap after
{Heap after GC invocations=30 (full 0):
 garbage-first heap   total 187392K, used 119663K [0x0000000080000000, 0x0000000100000000)
  region size 1024K, 6 young (6144K), 6 survivors (6144K)
 Metaspace       used 96936K, capacity 99611K, committed 99832K, reserved 1136640K
  class space    used 12574K, capacity 13487K, committed 13560K, reserved 1048576K
}
Event: 30.812 GC heap before
{Heap before GC invocations=31 (full 0):
 garbage-first heap   total 187392K, used 157551K [0x0000000080000000, 0x0000000100000000)
  region size 1024K, 44 young (45056K), 6 survivors (6144K)
 Metaspace       used 100779K, capacity 103595K, committed 103800K, reserved 1138688K
  class space    used 13136K, capacity 14164K, committed 14200K, reserved 1048576K
}
Event: 30.821 GC heap after
{Heap after GC invocations=32 (full 0):
 garbage-first heap   total 187392K, used 121589K [0x0000000080000000, 0x0000000100000000)
  region size 1024K, 5 young (5120K), 5 survivors (5120K)
 Metaspace       used 100779K, capacity 103595K, committed 103800K, reserved 1138688K
  class space    used 13136K, capacity 14164K, committed 14200K, reserved 1048576K
}
Event: 31.127 GC heap before
{Heap before GC invocations=32 (full 0):
 garbage-first heap   total 187392K, used 160501K [0x0000000080000000, 0x0000000100000000)
  region size 1024K, 43 young (44032K), 5 survivors (5120K)
 Metaspace       used 103595K, capacity 106379K, committed 106488K, reserved 1140736K
  class space    used 13494K, capacity 14516K, committed 14584K, reserved 1048576K
}
Event: 31.134 GC heap after
{Heap after GC invocations=33 (full 0):
 garbage-first heap   total 187392K, used 122389K [0x0000000080000000, 0x0000000100000000)
  region size 1024K, 3 young (3072K), 3 survivors (3072K)
 Metaspace       used 103595K, capacity 106379K, committed 106488K, reserved 1140736K
  class space    used 13494K, capacity 14516K, committed 14584K, reserved 1048576K
}
Event: 31.554 GC heap before
{Heap before GC invocations=34 (full 0):
 garbage-first heap   total 187392K, used 161301K [0x0000000080000000, 0x0000000100000000)
  region size 1024K, 41 young (41984K), 3 survivors (3072K)
 Metaspace       used 105713K, capacity 108343K, committed 109048K, reserved 1142784K
  class space    used 13678K, capacity 14645K, committed 14840K, reserved 1048576K
}
Event: 31.562 GC heap after
{Heap after GC invocations=35 (full 0):
 garbage-first heap   total 187392K, used 125246K [0x0000000080000000, 0x0000000100000000)
  region size 1024K, 6 young (6144K), 6 survivors (6144K)
 Metaspace       used 105713K, capacity 108343K, committed 109048K, reserved 1142784K
  class space    used 13678K, capacity 14645K, committed 14840K, reserved 1048576K
}
Event: 36.032 GC heap before
{Heap before GC invocations=35 (full 0):
 garbage-first heap   total 187392K, used 161086K [0x0000000080000000, 0x0000000100000000)
  region size 1024K, 41 young (41984K), 6 survivors (6144K)
 Metaspace       used 107583K, capacity 110566K, committed 110968K, reserved 1144832K
  class space    used 13939K, capacity 15023K, committed 15224K, reserved 1048576K
}
Event: 36.043 GC heap after
{Heap after GC invocations=36 (full 0):
 garbage-first heap   total 187392K, used 128515K [0x0000000080000000, 0x0000000100000000)
  region size 1024K, 6 young (6144K), 6 survivors (6144K)
 Metaspace       used 107583K, capacity 110566K, committed 110968K, reserved 1144832K
  class space    used 13939K, capacity 15023K, committed 15224K, reserved 1048576K
}
Event: 36.362 GC heap before
{Heap before GC invocations=37 (full 0):
 garbage-first heap   total 187392K, used 159235K [0x0000000080000000, 0x0000000100000000)
  region size 1024K, 37 young (37888K), 6 survivors (6144K)
 Metaspace       used 108320K, capacity 111312K, committed 111480K, reserved 1144832K
  class space    used 14004K, capacity 15093K, committed 15224K, reserved 1048576K
}
Event: 36.373 GC heap after
{Heap after GC invocations=38 (full 0):
 garbage-first heap   total 187392K, used 132380K [0x0000000080000000, 0x0000000100000000)
  region size 1024K, 4 young (4096K), 4 survivors (4096K)
 Metaspace       used 108320K, capacity 111312K, committed 111480K, reserved 1144832K
  class space    used 14004K, capacity 15093K, committed 15224K, reserved 1048576K
}
Event: 36.729 GC heap before
{Heap before GC invocations=38 (full 0):
 garbage-first heap   total 187392K, used 159004K [0x0000000080000000, 0x0000000100000000)
  region size 1024K, 31 young (31744K), 4 survivors (4096K)
 Metaspace       used 110052K, capacity 113175K, committed 113528K, reserved 1146880K
  class space    used 14258K, capacity 15371K, committed 15480K, reserved 1048576K
}
Event: 36.751 GC heap after
{Heap after GC invocations=39 (full 0):
 garbage-first heap   total 187392K, used 135597K [0x0000000080000000, 0x0000000100000000)
  region size 1024K, 4 young (4096K), 4 survivors (4096K)
 Metaspace       used 110052K, capacity 113175K, committed 113528K, reserved 1146880K
  class space    used 14258K, capacity 15371K, committed 15480K, reserved 1048576K
}
Event: 37.024 GC heap before
{Heap before GC invocations=40 (full 0):
 garbage-first heap   total 187392K, used 159149K [0x0000000080000000, 0x0000000100000000)
  region size 1024K, 28 young (28672K), 4 survivors (4096K)
 Metaspace       used 111101K, capacity 114265K, committed 114424K, reserved 1148928K
  class space    used 14363K, capacity 15472K, committed 15608K, reserved 1048576K
}

