# JRE version: OpenJDK Runtime Environment (11.0.11+9) (build 11.0.11+9-b60-7590822)
# Java VM: OpenJDK 64-Bit Server VM (11.0.11+9-b60-7590822, mixed mode, tiered, compressed oops, g1 gc, windows-amd64)
Heap:
 garbage-first heap   total 187392K, used 124644K [0x0000000080000000, 0x0000000100000000)
  region size 1024K, 48 young (49152K), 3 survivors (3072K)
 Metaspace       used 70012K, capacity 71838K, committed 72004K, reserved 1112064K
  class space    used 8940K, capacity 9576K, committed 9600K, reserved 1048576K
GC Heap History (20 events):
Event: 3.517 GC heap before
{Heap before GC invocations=5 (full 0):
 garbage-first heap   total 129024K, used 87900K [0x0000000080000000, 0x0000000100000000)
  region size 1024K, 61 young (62464K), 4 survivors (4096K)
 Metaspace       used 31829K, capacity 32790K, committed 32896K, reserved 1077248K
  class space    used 4313K, capacity 4654K, committed 4736K, reserved 1048576K
}
Event: 3.522 GC heap after
{Heap after GC invocations=6 (full 0):
 garbage-first heap   total 129024K, used 34196K [0x0000000080000000, 0x0000000100000000)
  region size 1024K, 8 young (8192K), 8 survivors (8192K)
 Metaspace       used 31829K, capacity 32790K, committed 32896K, reserved 1077248K
  class space    used 4313K, capacity 4654K, committed 4736K, reserved 1048576K
}
Event: 3.741 GC heap before
{Heap before GC invocations=6 (full 0):
 garbage-first heap   total 129024K, used 44436K [0x0000000080000000, 0x0000000100000000)
  region size 1024K, 19 young (19456K), 8 survivors (8192K)
 Metaspace       used 34728K, capacity 35714K, committed 35840K, reserved 1081344K
  class space    used 4557K, capacity 4927K, committed 4992K, reserved 1048576K
}
Event: 3.751 GC heap after
{Heap after GC invocations=7 (full 0):
 garbage-first heap   total 129024K, used 36008K [0x0000000080000000, 0x0000000100000000)
  region size 1024K, 2 young (2048K), 2 survivors (2048K)
 Metaspace       used 34728K, capacity 35714K, committed 35840K, reserved 1081344K
  class space    used 4557K, capacity 4927K, committed 4992K, reserved 1048576K
}
Event: 4.356 GC heap before
{Heap before GC invocations=8 (full 0):
 garbage-first heap   total 129024K, used 73896K [0x0000000080000000, 0x0000000100000000)
  region size 1024K, 40 young (40960K), 2 survivors (2048K)
 Metaspace       used 38631K, capacity 39707K, committed 40064K, reserved 1083392K
  class space    used 5008K, capacity 5401K, committed 5504K, reserved 1048576K
}
Event: 4.371 GC heap after
{Heap after GC invocations=9 (full 0):
 garbage-first heap   total 155648K, used 39824K [0x0000000080000000, 0x0000000100000000)
  region size 1024K, 5 young (5120K), 5 survivors (5120K)
 Metaspace       used 38631K, capacity 39707K, committed 40064K, reserved 1083392K
  class space    used 5008K, capacity 5401K, committed 5504K, reserved 1048576K
}
Event: 5.377 GC heap before
{Heap before GC invocations=10 (full 0):
 garbage-first heap   total 155648K, used 95120K [0x0000000080000000, 0x0000000100000000)
  region size 1024K, 53 young (54272K), 5 survivors (5120K)
 Metaspace       used 43096K, capacity 44329K, committed 44416K, reserved 1087488K
  class space    used 5547K, capacity 5994K, committed 6016K, reserved 1048576K
}
Event: 5.389 GC heap after
{Heap after GC invocations=11 (full 0):
 garbage-first heap   total 155648K, used 46470K [0x0000000080000000, 0x0000000100000000)
  region size 1024K, 7 young (7168K), 7 survivors (7168K)
 Metaspace       used 43096K, capacity 44329K, committed 44416K, reserved 1087488K
  class space    used 5547K, capacity 5994K, committed 6016K, reserved 1048576K
}
Event: 6.114 GC heap before
{Heap before GC invocations=11 (full 0):
 garbage-first heap   total 155648K, used 97670K [0x0000000080000000, 0x0000000100000000)
  region size 1024K, 56 young (57344K), 7 survivors (7168K)
 Metaspace       used 46280K, capacity 47556K, committed 47872K, reserved 1091584K
  class space    used 5866K, capacity 6298K, committed 6400K, reserved 1048576K
}
Event: 6.123 GC heap after
{Heap after GC invocations=12 (full 0):
 garbage-first heap   total 155648K, used 50243K [0x0000000080000000, 0x0000000100000000)
  region size 1024K, 7 young (7168K), 7 survivors (7168K)
 Metaspace       used 46280K, capacity 47556K, committed 47872K, reserved 1091584K
  class space    used 5866K, capacity 6298K, committed 6400K, reserved 1048576K
}
Event: 6.990 GC heap before
{Heap before GC invocations=12 (full 0):
 garbage-first heap   total 155648K, used 105539K [0x0000000080000000, 0x0000000100000000)
  region size 1024K, 57 young (58368K), 7 survivors (7168K)
 Metaspace       used 49468K, capacity 50953K, committed 51200K, reserved 1093632K
  class space    used 6376K, capacity 6855K, committed 6912K, reserved 1048576K
}
Event: 6.998 GC heap after
{Heap after GC invocations=13 (full 0):
 garbage-first heap   total 155648K, used 57097K [0x0000000080000000, 0x0000000100000000)
  region size 1024K, 7 young (7168K), 7 survivors (7168K)
 Metaspace       used 49468K, capacity 50953K, committed 51200K, reserved 1093632K
  class space    used 6376K, capacity 6855K, committed 6912K, reserved 1048576K
}
Event: 8.110 GC heap before
{Heap before GC invocations=13 (full 0):
 garbage-first heap   total 155648K, used 115465K [0x0000000080000000, 0x0000000100000000)
  region size 1024K, 56 young (57344K), 7 survivors (7168K)
 Metaspace       used 50722K, capacity 52246K, committed 52352K, reserved 1095680K
  class space    used 6501K, capacity 6999K, committed 7040K, reserved 1048576K
}
Event: 8.127 GC heap after
{Heap after GC invocations=14 (full 0):
 garbage-first heap   total 187392K, used 74243K [0x0000000080000000, 0x0000000100000000)
  region size 1024K, 7 young (7168K), 7 survivors (7168K)
 Metaspace       used 50722K, capacity 52246K, committed 52352K, reserved 1095680K
  class space    used 6501K, capacity 6999K, committed 7040K, reserved 1048576K
}
Event: 9.596 GC heap before
{Heap before GC invocations=14 (full 0):
 garbage-first heap   total 187392K, used 129539K [0x0000000080000000, 0x0000000100000000)
  region size 1024K, 61 young (62464K), 7 survivors (7168K)
 Metaspace       used 56509K, capacity 58189K, committed 58368K, reserved 1099776K
  class space    used 7296K, capacity 7869K, committed 7936K, reserved 1048576K
}
Event: 9.605 GC heap after
{Heap after GC invocations=15 (full 0):
 garbage-first heap   total 187392K, used 77921K [0x0000000080000000, 0x0000000100000000)
  region size 1024K, 4 young (4096K), 4 survivors (4096K)
 Metaspace       used 56509K, capacity 58189K, committed 58368K, reserved 1099776K
  class space    used 7296K, capacity 7869K, committed 7936K, reserved 1048576K
}
Event: 10.754 GC heap before
{Heap before GC invocations=15 (full 0):
 garbage-first heap   total 187392K, used 134241K [0x0000000080000000, 0x0000000100000000)
  region size 1024K, 59 young (60416K), 4 survivors (4096K)
 Metaspace       used 64018K, capacity 65893K, committed 66048K, reserved 1105920K
  class space    used 8232K, capacity 8836K, committed 8960K, reserved 1048576K
}
Event: 10.761 GC heap after
{Heap after GC invocations=16 (full 0):
 garbage-first heap   total 187392K, used 79633K [0x0000000080000000, 0x0000000100000000)
  region size 1024K, 5 young (5120K), 5 survivors (5120K)
 Metaspace       used 64018K, capacity 65893K, committed 66048K, reserved 1105920K
  class space    used 8232K, capacity 8836K, committed 8960K, reserved 1048576K
}
Event: 10.983 GC heap before
{Heap before GC invocations=16 (full 0):
 garbage-first heap   total 187392K, used 87825K [0x0000000080000000, 0x0000000100000000)
  region size 1024K, 14 young (14336K), 5 survivors (5120K)
 Metaspace       used 65667K, capacity 67484K, committed 67628K, reserved 1107968K
  class space    used 8450K, capacity 9112K, committed 9216K, reserved 1048576K
}
Event: 10.994 GC heap after
{Heap after GC invocations=17 (full 0):
 garbage-first heap   total 187392K, used 80612K [0x0000000080000000, 0x0000000100000000)
  region size 1024K, 3 young (3072K), 3 survivors (3072K)
 Metaspace       used 65667K, capacity 67484K, committed 67628K, reserved 1107968K
  class space    used 8450K, capacity 9112K, committed 9216K, reserved 1048576K
}

