# JRE version: OpenJDK Runtime Environment (11.0.11+9) (build 11.0.11+9-b60-7590822)
# Java VM: OpenJDK 64-Bit Server VM (11.0.11+9-b60-7590822, mixed mode, tiered, compressed oops, g1 gc, windows-amd64)
Heap:
 garbage-first heap   total 561152K, used 215668K [0x0000000080000000, 0x0000000100000000)
  region size 1024K, 15 young (15360K), 15 survivors (15360K)
 Metaspace       used 143378K, capacity 147399K, committed 147456K, reserved 1177600K
  class space    used 18166K, capacity 19703K, committed 19712K, reserved 1048576K
GC Heap History (20 events):
Event: 29.786 GC heap after
{Heap after GC invocations=61 (full 0):
 garbage-first heap   total 270336K, used 150652K [0x0000000080000000, 0x0000000100000000)
  region size 1024K, 6 young (6144K), 6 survivors (6144K)
 Metaspace       used 132335K, capacity 135581K, committed 135936K, reserved 1167360K
  class space    used 16607K, capacity 17820K, committed 17920K, reserved 1048576K
}
Event: 30.057 GC heap before
{Heap before GC invocations=61 (full 0):
 garbage-first heap   total 270336K, used 202876K [0x0000000080000000, 0x0000000100000000)
  region size 1024K, 58 young (59392K), 6 survivors (6144K)
 Metaspace       used 132947K, capacity 136299K, committed 136576K, reserved 1167360K
  class space    used 16691K, capacity 17925K, committed 18048K, reserved 1048576K
}
Event: 30.067 GC heap after
{Heap after GC invocations=62 (full 0):
 garbage-first heap   total 270336K, used 157717K [0x0000000080000000, 0x0000000100000000)
  region size 1024K, 7 young (7168K), 7 survivors (7168K)
 Metaspace       used 132947K, capacity 136299K, committed 136576K, reserved 1167360K
  class space    used 16691K, capacity 17925K, committed 18048K, reserved 1048576K
}
Event: 30.287 GC heap before
{Heap before GC invocations=62 (full 0):
 garbage-first heap   total 270336K, used 208917K [0x0000000080000000, 0x0000000100000000)
  region size 1024K, 58 young (59392K), 7 survivors (7168K)
 Metaspace       used 135063K, capacity 138557K, committed 138624K, reserved 1169408K
  class space    used 16995K, capacity 18281K, committed 18304K, reserved 1048576K
}
Event: 30.299 GC heap after
{Heap after GC invocations=63 (full 0):
 garbage-first heap   total 324608K, used 167610K [0x0000000080000000, 0x0000000100000000)
  region size 1024K, 8 young (8192K), 8 survivors (8192K)
 Metaspace       used 135063K, capacity 138557K, committed 138624K, reserved 1169408K
  class space    used 16995K, capacity 18281K, committed 18304K, reserved 1048576K
}
Event: 30.578 GC heap before
{Heap before GC invocations=63 (full 0):
 garbage-first heap   total 324608K, used 237242K [0x0000000080000000, 0x0000000100000000)
  region size 1024K, 77 young (78848K), 8 survivors (8192K)
 Metaspace       used 136897K, capacity 140530K, committed 140544K, reserved 1171456K
  class space    used 17320K, capacity 18675K, committed 18688K, reserved 1048576K
}
Event: 30.599 GC heap after
{Heap after GC invocations=64 (full 0):
 garbage-first heap   total 324608K, used 177502K [0x0000000080000000, 0x0000000100000000)
  region size 1024K, 10 young (10240K), 10 survivors (10240K)
 Metaspace       used 136897K, capacity 140530K, committed 140544K, reserved 1171456K
  class space    used 17320K, capacity 18675K, committed 18688K, reserved 1048576K
}
Event: 30.862 GC heap before
{Heap before GC invocations=64 (full 0):
 garbage-first heap   total 324608K, used 245086K [0x0000000080000000, 0x0000000100000000)
  region size 1024K, 76 young (77824K), 10 survivors (10240K)
 Metaspace       used 139011K, capacity 142771K, committed 142848K, reserved 1173504K
  class space    used 17734K, capacity 19156K, committed 19200K, reserved 1048576K
}
Event: 30.885 GC heap after
{Heap after GC invocations=65 (full 0):
 garbage-first heap   total 324608K, used 189440K [0x0000000080000000, 0x0000000100000000)
  region size 1024K, 10 young (10240K), 10 survivors (10240K)
 Metaspace       used 139011K, capacity 142771K, committed 142848K, reserved 1173504K
  class space    used 17734K, capacity 19156K, committed 19200K, reserved 1048576K
}
Event: 31.172 GC heap before
{Heap before GC invocations=65 (full 0):
 garbage-first heap   total 324608K, used 251904K [0x0000000080000000, 0x0000000100000000)
  region size 1024K, 72 young (73728K), 10 survivors (10240K)
 Metaspace       used 140550K, capacity 144505K, committed 144640K, reserved 1175552K
  class space    used 17965K, capacity 19453K, committed 19456K, reserved 1048576K
}
Event: 31.190 GC heap after
{Heap after GC invocations=66 (full 0):
 garbage-first heap   total 324608K, used 197360K [0x0000000080000000, 0x0000000100000000)
  region size 1024K, 7 young (7168K), 7 survivors (7168K)
 Metaspace       used 140550K, capacity 144505K, committed 144640K, reserved 1175552K
  class space    used 17965K, capacity 19453K, committed 19456K, reserved 1048576K
}
Event: 31.426 GC heap before
{Heap before GC invocations=66 (full 0):
 garbage-first heap   total 324608K, used 259824K [0x0000000080000000, 0x0000000100000000)
  region size 1024K, 68 young (69632K), 7 survivors (7168K)
 Metaspace       used 141621K, capacity 145602K, committed 145920K, reserved 1175552K
  class space    used 18094K, capacity 19595K, committed 19712K, reserved 1048576K
}
Event: 31.443 GC heap after
{Heap after GC invocations=67 (full 0):
 garbage-first heap   total 496640K, used 200948K [0x0000000080000000, 0x0000000100000000)
  region size 1024K, 4 young (4096K), 4 survivors (4096K)
 Metaspace       used 141621K, capacity 145602K, committed 145920K, reserved 1175552K
  class space    used 18094K, capacity 19595K, committed 19712K, reserved 1048576K
}
Event: 31.912 GC heap before
{Heap before GC invocations=67 (full 0):
 garbage-first heap   total 496640K, used 321780K [0x0000000080000000, 0x0000000100000000)
  region size 1024K, 122 young (124928K), 4 survivors (4096K)
 Metaspace       used 142308K, capacity 146281K, committed 146432K, reserved 1175552K
  class space    used 18132K, capacity 19649K, committed 19712K, reserved 1048576K
}
Event: 31.924 GC heap after
{Heap after GC invocations=68 (full 0):
 garbage-first heap   total 496640K, used 202085K [0x0000000080000000, 0x0000000100000000)
  region size 1024K, 6 young (6144K), 6 survivors (6144K)
 Metaspace       used 142308K, capacity 146281K, committed 146432K, reserved 1175552K
  class space    used 18132K, capacity 19649K, committed 19712K, reserved 1048576K
}
Event: 32.571 GC heap before
{Heap before GC invocations=68 (full 0):
 garbage-first heap   total 496640K, used 347493K [0x0000000080000000, 0x0000000100000000)
  region size 1024K, 149 young (152576K), 6 survivors (6144K)
 Metaspace       used 142880K, capacity 146974K, committed 147200K, reserved 1177600K
  class space    used 18164K, capacity 19702K, committed 19712K, reserved 1048576K
}
Event: 32.585 GC heap after
{Heap after GC invocations=69 (full 0):
 garbage-first heap   total 496640K, used 202792K [0x0000000080000000, 0x0000000100000000)
  region size 1024K, 6 young (6144K), 6 survivors (6144K)
 Metaspace       used 142880K, capacity 146974K, committed 147200K, reserved 1177600K
  class space    used 18164K, capacity 19702K, committed 19712K, reserved 1048576K
}
Event: 33.138 GC heap before
{Heap before GC invocations=69 (full 0):
 garbage-first heap   total 496640K, used 412712K [0x0000000080000000, 0x0000000100000000)
  region size 1024K, 212 young (217088K), 6 survivors (6144K)
 Metaspace       used 143055K, capacity 147117K, committed 147200K, reserved 1177600K
  class space    used 18165K, capacity 19702K, committed 19712K, reserved 1048576K
}
Event: 33.160 GC heap after
{Heap after GC invocations=70 (full 0):
 garbage-first heap   total 496640K, used 213366K [0x0000000080000000, 0x0000000100000000)
  region size 1024K, 17 young (17408K), 17 survivors (17408K)
 Metaspace       used 143055K, capacity 147117K, committed 147200K, reserved 1177600K
  class space    used 18165K, capacity 19702K, committed 19712K, reserved 1048576K
}
Event: 33.584 GC heap before
{Heap before GC invocations=70 (full 0):
 garbage-first heap   total 496640K, used 404854K [0x0000000080000000, 0x0000000100000000)
  region size 1024K, 205 young (209920K), 17 survivors (17408K)
 Metaspace       used 143378K, capacity 147399K, committed 147456K, reserved 1177600K
  class space    used 18166K, capacity 19703K, committed 19712K, reserved 1048576K
}

